# JRE version: OpenJDK Runtime Environment (21.0.4) (build 21.0.4+-12508038-b607.1)
# Java VM: OpenJDK 64-Bit Server VM (21.0.4+-12508038-b607.1, mixed mode, tiered, compressed oops, compressed class ptrs, g1 gc, windows-amd64)
GC Precious Log:
 CardTable entry size: 512
 Card Set container configuration: InlinePtr #cards 5 size 8 Array Of Cards #cards 12 size 40 Howl #buckets 4 coarsen threshold 1843 Howl Bitmap #cards 512 size 80 coarsen threshold 460 Card regions per heap region 1 cards per card region 2048
 CPUs: 12 total, 12 available
 Memory: 32578M
 Large Page Support: Disabled
 NUMA Support: Disabled
 Compressed Oops: Enabled (32-bit)
 Heap Region Size: 1M
 Heap Min Capacity: 8M
 Heap Initial Capacity: 510M
 Heap Max Capacity: 2G
 Pre-touch: Disabled
 Parallel Workers: 10
 Concurrent Workers: 3
 Concurrent Refinement Workers: 10
 Periodic GC: Disabled
Heap:
 garbage-first heap   total 310272K, used 181504K [0x0000000080000000, 0x0000000100000000)
  region size 1024K, 49 young (50176K), 19 survivors (19456K)
 Metaspace       used 123666K, committed 126016K, reserved 1179648K
  class space    used 16768K, committed 17920K, reserved 1048576K
GC Heap History (20 events):
Event: 5.432 GC heap before
{Heap before GC invocations=23 (full 0):
 garbage-first heap   total 89088K, used 86342K [0x0000000080000000, 0x0000000100000000)
  region size 1024K, 27 young (27648K), 4 survivors (4096K)
 Metaspace       used 67714K, committed 69440K, reserved 1114112K
  class space    used 9251K, committed 10112K, reserved 1048576K
}
Event: 5.435 GC heap after
{Heap after GC invocations=24 (full 0):
 garbage-first heap   total 98304K, used 69527K [0x0000000080000000, 0x0000000100000000)
  region size 1024K, 4 young (4096K), 4 survivors (4096K)
 Metaspace       used 67714K, committed 69440K, reserved 1114112K
  class space    used 9251K, committed 10112K, reserved 1048576K
}
Event: 5.520 GC heap before
{Heap before GC invocations=24 (full 0):
 garbage-first heap   total 98304K, used 86935K [0x0000000080000000, 0x0000000100000000)
  region size 1024K, 21 young (21504K), 4 survivors (4096K)
 Metaspace       used 69019K, committed 70784K, reserved 1114112K
  class space    used 9412K, committed 10304K, reserved 1048576K
}
Event: 5.522 GC heap after
{Heap after GC invocations=25 (full 0):
 garbage-first heap   total 310272K, used 71637K [0x0000000080000000, 0x0000000100000000)
  region size 1024K, 2 young (2048K), 2 survivors (2048K)
 Metaspace       used 69019K, committed 70784K, reserved 1114112K
  class space    used 9412K, committed 10304K, reserved 1048576K
}
Event: 6.672 GC heap before
{Heap before GC invocations=25 (full 0):
 garbage-first heap   total 310272K, used 239573K [0x0000000080000000, 0x0000000100000000)
  region size 1024K, 162 young (165888K), 2 survivors (2048K)
 Metaspace       used 84554K, committed 86464K, reserved 1179648K
  class space    used 11399K, committed 12352K, reserved 1048576K
}
Event: 6.678 GC heap after
{Heap after GC invocations=26 (full 0):
 garbage-first heap   total 310272K, used 81671K [0x0000000080000000, 0x0000000100000000)
  region size 1024K, 11 young (11264K), 11 survivors (11264K)
 Metaspace       used 84554K, committed 86464K, reserved 1179648K
  class space    used 11399K, committed 12352K, reserved 1048576K
}
Event: 7.640 GC heap before
{Heap before GC invocations=26 (full 0):
 garbage-first heap   total 310272K, used 259847K [0x0000000080000000, 0x0000000100000000)
  region size 1024K, 181 young (185344K), 11 survivors (11264K)
 Metaspace       used 95887K, committed 97856K, reserved 1179648K
  class space    used 13091K, committed 14080K, reserved 1048576K
}
Event: 7.650 GC heap after
{Heap after GC invocations=27 (full 0):
 garbage-first heap   total 310272K, used 94237K [0x0000000080000000, 0x0000000100000000)
  region size 1024K, 20 young (20480K), 20 survivors (20480K)
 Metaspace       used 95887K, committed 97856K, reserved 1179648K
  class space    used 13091K, committed 14080K, reserved 1048576K
}
Event: 8.732 GC heap before
{Heap before GC invocations=27 (full 0):
 garbage-first heap   total 310272K, used 259101K [0x0000000080000000, 0x0000000100000000)
  region size 1024K, 181 young (185344K), 20 survivors (20480K)
 Metaspace       used 108343K, committed 110528K, reserved 1179648K
  class space    used 14838K, committed 15936K, reserved 1048576K
}
Event: 8.740 GC heap after
{Heap after GC invocations=28 (full 0):
 garbage-first heap   total 310272K, used 105392K [0x0000000080000000, 0x0000000100000000)
  region size 1024K, 21 young (21504K), 21 survivors (21504K)
 Metaspace       used 108343K, committed 110528K, reserved 1179648K
  class space    used 14838K, committed 15936K, reserved 1048576K
}
Event: 9.307 GC heap before
{Heap before GC invocations=28 (full 0):
 garbage-first heap   total 310272K, used 268208K [0x0000000080000000, 0x0000000100000000)
  region size 1024K, 181 young (185344K), 21 survivors (21504K)
 Metaspace       used 111392K, committed 113664K, reserved 1179648K
  class space    used 15285K, committed 16448K, reserved 1048576K
}
Event: 9.316 GC heap after
{Heap after GC invocations=29 (full 0):
 garbage-first heap   total 310272K, used 114363K [0x0000000080000000, 0x0000000100000000)
  region size 1024K, 22 young (22528K), 22 survivors (22528K)
 Metaspace       used 111392K, committed 113664K, reserved 1179648K
  class space    used 15285K, committed 16448K, reserved 1048576K
}
Event: 9.974 GC heap before
{Heap before GC invocations=30 (full 0):
 garbage-first heap   total 310272K, used 275131K [0x0000000080000000, 0x0000000100000000)
  region size 1024K, 175 young (179200K), 22 survivors (22528K)
 Metaspace       used 114848K, committed 117056K, reserved 1179648K
  class space    used 15656K, committed 16768K, reserved 1048576K
}
Event: 9.983 GC heap after
{Heap after GC invocations=31 (full 0):
 garbage-first heap   total 310272K, used 121742K [0x0000000080000000, 0x0000000100000000)
  region size 1024K, 19 young (19456K), 19 survivors (19456K)
 Metaspace       used 114848K, committed 117056K, reserved 1179648K
  class space    used 15656K, committed 16768K, reserved 1048576K
}
Event: 11.306 GC heap before
{Heap before GC invocations=31 (full 0):
 garbage-first heap   total 310272K, used 272270K [0x0000000080000000, 0x0000000100000000)
  region size 1024K, 167 young (171008K), 19 survivors (19456K)
 Metaspace       used 116638K, committed 118848K, reserved 1179648K
  class space    used 15871K, committed 16960K, reserved 1048576K
}
Event: 11.315 GC heap after
{Heap after GC invocations=32 (full 0):
 garbage-first heap   total 310272K, used 129593K [0x0000000080000000, 0x0000000100000000)
  region size 1024K, 19 young (19456K), 19 survivors (19456K)
 Metaspace       used 116638K, committed 118848K, reserved 1179648K
  class space    used 15871K, committed 16960K, reserved 1048576K
}
Event: 49.943 GC heap before
{Heap before GC invocations=32 (full 0):
 garbage-first heap   total 310272K, used 272953K [0x0000000080000000, 0x0000000100000000)
  region size 1024K, 160 young (163840K), 19 survivors (19456K)
 Metaspace       used 122504K, committed 124864K, reserved 1179648K
  class space    used 16681K, committed 17856K, reserved 1048576K
}
Event: 49.955 GC heap after
{Heap after GC invocations=33 (full 0):
 garbage-first heap   total 310272K, used 133264K [0x0000000080000000, 0x0000000100000000)
  region size 1024K, 12 young (12288K), 12 survivors (12288K)
 Metaspace       used 122504K, committed 124864K, reserved 1179648K
  class space    used 16681K, committed 17856K, reserved 1048576K
}
Event: 70.715 GC heap before
{Heap before GC invocations=34 (full 0):
 garbage-first heap   total 310272K, used 273552K [0x0000000080000000, 0x0000000100000000)
  region size 1024K, 150 young (153600K), 12 survivors (12288K)
 Metaspace       used 123666K, committed 126016K, reserved 1179648K
  class space    used 16768K, committed 17920K, reserved 1048576K
}
Event: 70.725 GC heap after
{Heap after GC invocations=35 (full 0):
 garbage-first heap   total 310272K, used 151808K [0x0000000080000000, 0x0000000100000000)
  region size 1024K, 19 young (19456K), 19 survivors (19456K)
 Metaspace       used 123666K, committed 126016K, reserved 1179648K
  class space    used 16768K, committed 17920K, reserved 1048576K
}

